{"/Users/babyfox/more-places-service/client/src/components/App.jsx": {"path":"/Users/babyfox/more-places-service/client/src/components/App.jsx","statementMap":{"0":{"start":{"line":6,"column":16},"end":{"line":11,"column":3}},"1":{"start":{"line":16,"column":4},"end":{"line":16,"column":17}},"2":{"start":{"line":17,"column":4},"end":{"line":19,"column":6}},"3":{"start":{"line":20,"column":4},"end":{"line":20,"column":43}},"4":{"start":{"line":24,"column":4},"end":{"line":24,"column":19}},"5":{"start":{"line":28,"column":15},"end":{"line":28,"column":52}},"6":{"start":{"line":29,"column":4},"end":{"line":39,"column":29}},"7":{"start":{"line":35,"column":8},"end":{"line":37,"column":11}},"8":{"start":{"line":39,"column":23},"end":{"line":39,"column":26}},"9":{"start":{"line":43,"column":4},"end":{"line":49,"column":6}}},"fnMap":{"0":{"name":"(anonymous_0)","decl":{"start":{"line":15,"column":2},"end":{"line":15,"column":3}},"loc":{"start":{"line":15,"column":21},"end":{"line":21,"column":3}},"line":15},"1":{"name":"(anonymous_1)","decl":{"start":{"line":23,"column":2},"end":{"line":23,"column":3}},"loc":{"start":{"line":23,"column":22},"end":{"line":25,"column":3}},"line":23},"2":{"name":"(anonymous_2)","decl":{"start":{"line":27,"column":2},"end":{"line":27,"column":3}},"loc":{"start":{"line":27,"column":12},"end":{"line":40,"column":3}},"line":27},"3":{"name":"(anonymous_3)","decl":{"start":{"line":33,"column":12},"end":{"line":33,"column":13}},"loc":{"start":{"line":33,"column":26},"end":{"line":38,"column":7}},"line":33},"4":{"name":"(anonymous_4)","decl":{"start":{"line":39,"column":13},"end":{"line":39,"column":14}},"loc":{"start":{"line":39,"column":23},"end":{"line":39,"column":26}},"line":39},"5":{"name":"(anonymous_5)","decl":{"start":{"line":42,"column":2},"end":{"line":42,"column":3}},"loc":{"start":{"line":42,"column":11},"end":{"line":50,"column":3}},"line":42}},"branchMap":{},"s":{"0":1,"1":1,"2":1,"3":1,"4":1,"5":1,"6":1,"7":0,"8":0,"9":1},"f":{"0":1,"1":1,"2":1,"3":0,"4":0,"5":1},"b":{},"_coverageSchema":"1a1c01bbd47fc00a2c39e90264f33305004495a9","hash":"c5df749cc88328e1d1a2f20fd136ab38a0bf1d03"}
,"/Users/babyfox/more-places-service/client/src/components/Heart.jsx": {"path":"/Users/babyfox/more-places-service/client/src/components/Heart.jsx","statementMap":{"0":{"start":{"line":4,"column":15},"end":{"line":23,"column":1}},"1":{"start":{"line":28,"column":4},"end":{"line":28,"column":17}},"2":{"start":{"line":29,"column":4},"end":{"line":29,"column":38}},"3":{"start":{"line":31,"column":4},"end":{"line":31,"column":51}},"4":{"start":{"line":35,"column":4},"end":{"line":37,"column":8}},"5":{"start":{"line":35,"column":30},"end":{"line":37,"column":5}},"6":{"start":{"line":41,"column":4},"end":{"line":101,"column":6}}},"fnMap":{"0":{"name":"(anonymous_0)","decl":{"start":{"line":27,"column":2},"end":{"line":27,"column":3}},"loc":{"start":{"line":27,"column":21},"end":{"line":32,"column":3}},"line":27},"1":{"name":"(anonymous_1)","decl":{"start":{"line":34,"column":2},"end":{"line":34,"column":3}},"loc":{"start":{"line":34,"column":16},"end":{"line":38,"column":3}},"line":34},"2":{"name":"(anonymous_2)","decl":{"start":{"line":35,"column":18},"end":{"line":35,"column":19}},"loc":{"start":{"line":35,"column":30},"end":{"line":37,"column":5}},"line":35},"3":{"name":"(anonymous_3)","decl":{"start":{"line":40,"column":2},"end":{"line":40,"column":3}},"loc":{"start":{"line":40,"column":11},"end":{"line":102,"column":3}},"line":40}},"branchMap":{"0":{"loc":{"start":{"line":43,"column":9},"end":{"line":99,"column":11}},"type":"cond-expr","locations":[{"start":{"line":45,"column":12},"end":{"line":70,"column":21}},{"start":{"line":73,"column":12},"end":{"line":98,"column":21}}],"line":43}},"s":{"0":4,"1":1,"2":1,"3":1,"4":0,"5":0,"6":1},"f":{"0":1,"1":0,"2":0,"3":1},"b":{"0":[1,0]},"_coverageSchema":"1a1c01bbd47fc00a2c39e90264f33305004495a9","hash":"8bed3a470c2af0fb288a1d999ceb444a3a59925e"}
,"/Users/babyfox/more-places-service/client/src/components/Item.jsx": {"path":"/Users/babyfox/more-places-service/client/src/components/Item.jsx","statementMap":{"0":{"start":{"line":5,"column":13},"end":{"line":60,"column":1}},"1":{"start":{"line":8,"column":6},"end":{"line":8,"column":10}},"2":{"start":{"line":10,"column":16},"end":{"line":13,"column":1}},"3":{"start":{"line":15,"column":17},"end":{"line":20,"column":3}},"4":{"start":{"line":21,"column":18},"end":{"line":26,"column":3}},"5":{"start":{"line":27,"column":14},"end":{"line":37,"column":3}},"6":{"start":{"line":38,"column":2},"end":{"line":59,"column":4}}},"fnMap":{"0":{"name":"(anonymous_0)","decl":{"start":{"line":5,"column":13},"end":{"line":5,"column":14}},"loc":{"start":{"line":5,"column":27},"end":{"line":60,"column":1}},"line":5}},"branchMap":{},"s":{"0":3,"1":1,"2":0,"3":0,"4":0,"5":0,"6":0},"f":{"0":1},"b":{},"_coverageSchema":"1a1c01bbd47fc00a2c39e90264f33305004495a9","hash":"e11d041575fdaea978a93d5f1fd340e6ed27728d"}
,"/Users/babyfox/more-places-service/client/src/components/List.jsx": {"path":"/Users/babyfox/more-places-service/client/src/components/List.jsx","statementMap":{"0":{"start":{"line":5,"column":13},"end":{"line":9,"column":1}},"1":{"start":{"line":10,"column":14},"end":{"line":14,"column":1}},"2":{"start":{"line":15,"column":14},"end":{"line":22,"column":3}},"3":{"start":{"line":24,"column":15},"end":{"line":38,"column":1}},"4":{"start":{"line":40,"column":14},"end":{"line":50,"column":1}},"5":{"start":{"line":51,"column":13},"end":{"line":51,"column":14}},"6":{"start":{"line":52,"column":13},"end":{"line":79,"column":1}},"7":{"start":{"line":54,"column":4},"end":{"line":54,"column":92}},"8":{"start":{"line":55,"column":4},"end":{"line":55,"column":18}},"9":{"start":{"line":58,"column":4},"end":{"line":58,"column":92}},"10":{"start":{"line":59,"column":4},"end":{"line":59,"column":18}},"11":{"start":{"line":62,"column":2},"end":{"line":78,"column":4}},"12":{"start":{"line":74,"column":35},"end":{"line":74,"column":77}}},"fnMap":{"0":{"name":"(anonymous_0)","decl":{"start":{"line":52,"column":13},"end":{"line":52,"column":14}},"loc":{"start":{"line":52,"column":27},"end":{"line":79,"column":1}},"line":52},"1":{"name":"handleClickPrev","decl":{"start":{"line":53,"column":11},"end":{"line":53,"column":26}},"loc":{"start":{"line":53,"column":29},"end":{"line":56,"column":3}},"line":53},"2":{"name":"handleClickNext","decl":{"start":{"line":57,"column":11},"end":{"line":57,"column":26}},"loc":{"start":{"line":57,"column":29},"end":{"line":60,"column":3}},"line":57},"3":{"name":"(anonymous_3)","decl":{"start":{"line":74,"column":18},"end":{"line":74,"column":19}},"loc":{"start":{"line":74,"column":35},"end":{"line":74,"column":77}},"line":74}},"branchMap":{},"s":{"0":2,"1":2,"2":2,"3":2,"4":2,"5":2,"6":2,"7":0,"8":0,"9":0,"10":0,"11":1,"12":0},"f":{"0":1,"1":0,"2":0,"3":0},"b":{},"_coverageSchema":"1a1c01bbd47fc00a2c39e90264f33305004495a9","hash":"76c17a8da4ff634d0624a0ccb498d02e17a7389d"}
}
