TN:
SF:client/src/components/App.jsx
FN:15,(anonymous_0)
FN:23,(anonymous_1)
FN:27,(anonymous_2)
FN:33,(anonymous_3)
FN:39,(anonymous_4)
FN:42,(anonymous_5)
FNF:6
FNH:4
FNDA:1,(anonymous_0)
FNDA:1,(anonymous_1)
FNDA:1,(anonymous_2)
FNDA:0,(anonymous_3)
FNDA:0,(anonymous_4)
FNDA:1,(anonymous_5)
DA:6,1
DA:16,1
DA:17,1
DA:20,1
DA:24,1
DA:28,1
DA:29,1
DA:35,0
DA:39,0
DA:43,1
LF:10
LH:8
BRF:0
BRH:0
end_of_record
TN:
SF:client/src/components/Heart.jsx
FN:27,(anonymous_0)
FN:34,(anonymous_1)
FN:35,(anonymous_2)
FN:40,(anonymous_3)
FNF:4
FNH:2
FNDA:1,(anonymous_0)
FNDA:0,(anonymous_1)
FNDA:0,(anonymous_2)
FNDA:1,(anonymous_3)
DA:4,4
DA:28,1
DA:29,1
DA:31,1
DA:35,0
DA:41,1
LF:6
LH:5
BRDA:43,0,0,1
BRDA:43,0,1,0
BRF:2
BRH:1
end_of_record
TN:
SF:client/src/components/Item.jsx
FN:36,(anonymous_0)
FNF:1
FNH:1
FNDA:1,(anonymous_0)
DA:7,3
DA:9,3
DA:13,3
DA:19,3
DA:25,3
DA:36,3
DA:39,1
LF:7
LH:7
BRF:0
BRH:0
end_of_record
TN:
SF:client/src/components/List.jsx
FN:57,(anonymous_0)
FN:58,handleClickPrev
FN:62,handleClickNext
FN:79,(anonymous_3)
FNF:4
FNH:1
FNDA:1,(anonymous_0)
FNDA:0,handleClickPrev
FNDA:0,handleClickNext
FNDA:0,(anonymous_3)
DA:5,2
DA:10,2
DA:15,2
DA:24,2
DA:45,2
DA:56,2
DA:57,2
DA:59,0
DA:60,0
DA:63,0
DA:64,0
DA:67,1
DA:79,0
LF:13
LH:8
BRF:0
BRH:0
end_of_record
